Using pre-set license
Built from '2020.3/release' branch; Version is '2020.3.2f1 (8fd9074bf66c) revision 9427207'; Using compiler version '192528614'; Build Type 'Release'
OS: 'Windows 10 Pro; OS build 18363.1256; Version 1909; 64bit' Language: 'fi' Physical Memory: 8130 MB
BatchMode: 1, IsHumanControllingUs: 0, StartBugReporterOnCrash: 0, Is64bit: 1, IsPro: 0

 COMMAND LINE ARGUMENTS:
C:\Program Files\Unity\Hub\Editor\2020.3.2f1\Editor\Unity.exe
-adb2
-batchMode
-noUpm
-name
AssetImportWorker0
-projectPath
E:/Unity/Match-3
-logFile
Logs/AssetImportWorker0.log
-srvPort
52560
Successfully changed project path to: E:/Unity/Match-3
E:/Unity/Match-3
Using Asset Import Pipeline V2.
Refreshing native plugins compatible for Editor in 63.54 ms, found 1 plugins.
Preloading 0 native plugins for Editor in 0.00 ms.
Initialize engine version: 2020.3.2f1 (8fd9074bf66c)
[Subsystems] Discovering subsystems at path C:/Program Files/Unity/Hub/Editor/2020.3.2f1/Editor/Data/Resources/UnitySubsystems
[Subsystems] Discovering subsystems at path E:/Unity/Match-3/Assets
GfxDevice: creating device client; threaded=0
Direct3D:
    Version:  Direct3D 11.0 [level 11.1]
    Renderer: NVIDIA GeForce GTX 1060 6GB (ID=0x1c03)
    Vendor:   
    VRAM:     6052 MB
    Driver:   27.21.14.6192
Initialize mono
Mono path[0] = 'C:/Program Files/Unity/Hub/Editor/2020.3.2f1/Editor/Data/Managed'
Mono path[1] = 'C:/Program Files/Unity/Hub/Editor/2020.3.2f1/Editor/Data/MonoBleedingEdge/lib/mono/unityjit'
Mono config path = 'C:/Program Files/Unity/Hub/Editor/2020.3.2f1/Editor/Data/MonoBleedingEdge/etc'
Using monoOptions --debugger-agent=transport=dt_socket,embedding=1,server=y,suspend=n,address=127.0.0.1:56784
Begin MonoManager ReloadAssembly
Registering precompiled unity dll's ...
Register platform support module: C:/Program Files/Unity/Hub/Editor/2020.3.2f1/Editor/Data/PlaybackEngines/WindowsStandaloneSupport/UnityEditor.WindowsStandalone.Extensions.dll
Registered in 0.003044 seconds.
Native extension for WindowsStandalone target not found
Refreshing native plugins compatible for Editor in 60.39 ms, found 1 plugins.
Preloading 0 native plugins for Editor in 0.00 ms.
Invoked RoslynAnalysisRunner static constructor.
RoslynAnalysisRunner will not be running.
RoslynAnalysisRunner has terminated.
Mono: successfully reloaded assembly
- Completed reload, in  2.095 seconds
Platform modules already initialized, skipping
Registering precompiled user dll's ...
Registered in 0.003834 seconds.
Begin MonoManager ReloadAssembly
Native extension for WindowsStandalone target not found
Refreshing native plugins compatible for Editor in 41.00 ms, found 1 plugins.
Preloading 0 native plugins for Editor in 0.00 ms.
Invoked RoslynAnalysisRunner static constructor.
RoslynAnalysisRunner will not be running.
RoslynAnalysisRunner has terminated.
Mono: successfully reloaded assembly
- Completed reload, in  1.295 seconds
Platform modules already initialized, skipping
========================================================================
Worker process is ready to serve import requests
Launched and connected shader compiler UnityShaderCompiler.exe after 0.09 seconds
Refreshing native plugins compatible for Editor in 0.62 ms, found 1 plugins.
Preloading 0 native plugins for Editor in 0.00 ms.
Unloading 1810 Unused Serialized files (Serialized files now loaded: 0)
System memory in use before: 85.0 MB.
System memory in use after: 84.9 MB.

Unloading 24 unused Assets to reduce memory usage. Loaded Objects now: 2253.
Total: 2.473400 ms (FindLiveObjects: 0.196300 ms CreateObjectMapping: 0.074700 ms MarkObjects: 2.061600 ms  DeleteObjects: 0.139200 ms)

========================================================================
Received Import Request.
  path: Assets/Prefab/GemBlue.prefab
  artifactKey: Guid(f4f60af4c8078554594ab89521608609) Importer(815301076,1909f56bfc062723c751e8b465ee728b)
Start importing Assets/Prefab/GemBlue.prefab using Guid(f4f60af4c8078554594ab89521608609) Importer(815301076,1909f56bfc062723c751e8b465ee728b)  -> (artifact id: '324832e09bca6a87ad946483b9b20986') in 0.136806 seconds
  Import took 0.142307 seconds .

========================================================================
Received Import Request.
  Time since last request: 0.000269 seconds.
  path: Assets/Prefab/GemGreen Variant.prefab
  artifactKey: Guid(e5cf3672d248b6141b0b3bd0f941de3d) Importer(815301076,1909f56bfc062723c751e8b465ee728b)
Start importing Assets/Prefab/GemGreen Variant.prefab using Guid(e5cf3672d248b6141b0b3bd0f941de3d) Importer(815301076,1909f56bfc062723c751e8b465ee728b)  -> (artifact id: '31bf52a314db3d6f60e41b7d4fd09c5f') in 0.018162 seconds
  Import took 0.022618 seconds .

========================================================================
Received Import Request.
  Time since last request: 0.000327 seconds.
  path: Assets/Prefab/GemPurple Variant.prefab
  artifactKey: Guid(b35c040b49d876244960ece4b062e624) Importer(815301076,1909f56bfc062723c751e8b465ee728b)
Start importing Assets/Prefab/GemPurple Variant.prefab using Guid(b35c040b49d876244960ece4b062e624) Importer(815301076,1909f56bfc062723c751e8b465ee728b)  -> (artifact id: 'b10e8e668e2407fbc7540ac895235ed3') in 0.017154 seconds
  Import took 0.021433 seconds .

========================================================================
Received Import Request.
  Time since last request: 0.000358 seconds.
  path: Assets/Prefab/GemYellow Variant.prefab
  artifactKey: Guid(451b8193131b90044ac07d4cbf1904aa) Importer(815301076,1909f56bfc062723c751e8b465ee728b)
Start importing Assets/Prefab/GemYellow Variant.prefab using Guid(451b8193131b90044ac07d4cbf1904aa) Importer(815301076,1909f56bfc062723c751e8b465ee728b)  -> (artifact id: '1237e33fe446f14d1049839c625bd817') in 0.015972 seconds
  Import took 0.020977 seconds .

========================================================================
Received Import Request.
  Time since last request: 0.000285 seconds.
  path: Assets/Prefab/GemRed Variant.prefab
  artifactKey: Guid(7e742b53eac8dc14ea250fea5a883837) Importer(815301076,1909f56bfc062723c751e8b465ee728b)
Start importing Assets/Prefab/GemRed Variant.prefab using Guid(7e742b53eac8dc14ea250fea5a883837) Importer(815301076,1909f56bfc062723c751e8b465ee728b)  -> (artifact id: 'f39b8c1021b2e04ae76316c59e514ea4') in 0.017003 seconds
  Import took 0.021201 seconds .

========================================================================
Received Import Request.
  Time since last request: 0.281836 seconds.
  path: Assets/Prefab/GemBlue.prefab
  artifactKey: Guid(f4f60af4c8078554594ab89521608609) Importer(815301076,1909f56bfc062723c751e8b465ee728b)
Start importing Assets/Prefab/GemBlue.prefab using Guid(f4f60af4c8078554594ab89521608609) Importer(815301076,1909f56bfc062723c751e8b465ee728b)  -> (artifact id: 'e39b3ca020c53f1f71ab19ac920c8bdf') in 0.014812 seconds
  Import took 0.019102 seconds .

========================================================================
Received Import Request.
  Time since last request: 0.000323 seconds.
  path: Assets/Prefab/GemGreen Variant.prefab
  artifactKey: Guid(e5cf3672d248b6141b0b3bd0f941de3d) Importer(815301076,1909f56bfc062723c751e8b465ee728b)
Start importing Assets/Prefab/GemGreen Variant.prefab using Guid(e5cf3672d248b6141b0b3bd0f941de3d) Importer(815301076,1909f56bfc062723c751e8b465ee728b)  -> (artifact id: '8604efd6574fa3222fe78ba76312d159') in 0.016742 seconds
  Import took 0.021843 seconds .

========================================================================
Received Import Request.
  Time since last request: 0.000329 seconds.
  path: Assets/Prefab/GemPurple Variant.prefab
  artifactKey: Guid(b35c040b49d876244960ece4b062e624) Importer(815301076,1909f56bfc062723c751e8b465ee728b)
Start importing Assets/Prefab/GemPurple Variant.prefab using Guid(b35c040b49d876244960ece4b062e624) Importer(815301076,1909f56bfc062723c751e8b465ee728b)  -> (artifact id: '289bf2fdd0c328add5a51e4b5313b050') in 0.017054 seconds
  Import took 0.021712 seconds .

========================================================================
Received Import Request.
  Time since last request: 0.000383 seconds.
  path: Assets/Prefab/GemYellow Variant.prefab
  artifactKey: Guid(451b8193131b90044ac07d4cbf1904aa) Importer(815301076,1909f56bfc062723c751e8b465ee728b)
Start importing Assets/Prefab/GemYellow Variant.prefab using Guid(451b8193131b90044ac07d4cbf1904aa) Importer(815301076,1909f56bfc062723c751e8b465ee728b)  -> (artifact id: 'b6d638f22229ae4b85a9b1741810356b') in 0.015401 seconds
  Import took 0.019606 seconds .

========================================================================
Received Import Request.
  Time since last request: 0.000333 seconds.
  path: Assets/Prefab/GemRed Variant.prefab
  artifactKey: Guid(7e742b53eac8dc14ea250fea5a883837) Importer(815301076,1909f56bfc062723c751e8b465ee728b)
Start importing Assets/Prefab/GemRed Variant.prefab using Guid(7e742b53eac8dc14ea250fea5a883837) Importer(815301076,1909f56bfc062723c751e8b465ee728b)  -> (artifact id: '58fcd4bd24b11b6fd9f5bd0501ce915a') in 0.015055 seconds
  Import took 0.019727 seconds .

========================================================================
Received Import Request.
  Time since last request: 71.050605 seconds.
  path: Assets/Prefab/GemBlue.prefab
  artifactKey: Guid(f4f60af4c8078554594ab89521608609) Importer(815301076,1909f56bfc062723c751e8b465ee728b)
Start importing Assets/Prefab/GemBlue.prefab using Guid(f4f60af4c8078554594ab89521608609) Importer(815301076,1909f56bfc062723c751e8b465ee728b)  -> (artifact id: 'ca6a66db7dc0fc04126cbae03ad3ac8a') in 0.013461 seconds
  Import took 0.017576 seconds .

========================================================================
Received Import Request.
  Time since last request: 0.000313 seconds.
  path: Assets/Prefab/GemGreen Variant.prefab
  artifactKey: Guid(e5cf3672d248b6141b0b3bd0f941de3d) Importer(815301076,1909f56bfc062723c751e8b465ee728b)
Start importing Assets/Prefab/GemGreen Variant.prefab using Guid(e5cf3672d248b6141b0b3bd0f941de3d) Importer(815301076,1909f56bfc062723c751e8b465ee728b)  -> (artifact id: '8d8997720d198b936d91b8621434024a') in 0.015970 seconds
  Import took 0.019903 seconds .

========================================================================
Received Import Request.
  Time since last request: 0.000331 seconds.
  path: Assets/Prefab/GemPurple Variant.prefab
  artifactKey: Guid(b35c040b49d876244960ece4b062e624) Importer(815301076,1909f56bfc062723c751e8b465ee728b)
Start importing Assets/Prefab/GemPurple Variant.prefab using Guid(b35c040b49d876244960ece4b062e624) Importer(815301076,1909f56bfc062723c751e8b465ee728b)  -> (artifact id: '73b56e250dc60715eed75349e198d7a4') in 0.013471 seconds
  Import took 0.016809 seconds .

========================================================================
Received Import Request.
  Time since last request: 0.000268 seconds.
  path: Assets/Prefab/GemYellow Variant.prefab
  artifactKey: Guid(451b8193131b90044ac07d4cbf1904aa) Importer(815301076,1909f56bfc062723c751e8b465ee728b)
Start importing Assets/Prefab/GemYellow Variant.prefab using Guid(451b8193131b90044ac07d4cbf1904aa) Importer(815301076,1909f56bfc062723c751e8b465ee728b)  -> (artifact id: '5e8900f0b445413543918ea1ea0d6d41') in 0.012530 seconds
  Import took 0.015851 seconds .

========================================================================
Received Import Request.
  Time since last request: 0.000328 seconds.
  path: Assets/Prefab/GemRed Variant.prefab
  artifactKey: Guid(7e742b53eac8dc14ea250fea5a883837) Importer(815301076,1909f56bfc062723c751e8b465ee728b)
Start importing Assets/Prefab/GemRed Variant.prefab using Guid(7e742b53eac8dc14ea250fea5a883837) Importer(815301076,1909f56bfc062723c751e8b465ee728b)  -> (artifact id: 'd417c778db5da12834c26d0a8d17769d') in 0.014203 seconds
  Import took 0.026866 seconds .

========================================================================
Received Import Request.
  Time since last request: 5.017930 seconds.
  path: Assets/Prefab/GemBlue.prefab
  artifactKey: Guid(f4f60af4c8078554594ab89521608609) Importer(815301076,1909f56bfc062723c751e8b465ee728b)
Start importing Assets/Prefab/GemBlue.prefab using Guid(f4f60af4c8078554594ab89521608609) Importer(815301076,1909f56bfc062723c751e8b465ee728b)  -> (artifact id: 'bab56de8b757fa62500ba5e368a8e7d7') in 0.012556 seconds
  Import took 0.027229 seconds .

========================================================================
Received Import Request.
  Time since last request: 0.000280 seconds.
  path: Assets/Prefab/GemGreen Variant.prefab
  artifactKey: Guid(e5cf3672d248b6141b0b3bd0f941de3d) Importer(815301076,1909f56bfc062723c751e8b465ee728b)
Start importing Assets/Prefab/GemGreen Variant.prefab using Guid(e5cf3672d248b6141b0b3bd0f941de3d) Importer(815301076,1909f56bfc062723c751e8b465ee728b)  -> (artifact id: 'aadffe9e497de98b9cbd2b583a594cfc') in 0.013187 seconds
  Import took 0.017025 seconds .

========================================================================
Received Import Request.
  Time since last request: 0.000291 seconds.
  path: Assets/Prefab/GemPurple Variant.prefab
  artifactKey: Guid(b35c040b49d876244960ece4b062e624) Importer(815301076,1909f56bfc062723c751e8b465ee728b)
Start importing Assets/Prefab/GemPurple Variant.prefab using Guid(b35c040b49d876244960ece4b062e624) Importer(815301076,1909f56bfc062723c751e8b465ee728b)  -> (artifact id: '3279d55de6a80e7e9d8b8331b69fcb5b') in 0.012523 seconds
  Import took 0.015744 seconds .

========================================================================
Received Import Request.
  Time since last request: 0.000276 seconds.
  path: Assets/Prefab/GemYellow Variant.prefab
  artifactKey: Guid(451b8193131b90044ac07d4cbf1904aa) Importer(815301076,1909f56bfc062723c751e8b465ee728b)
Start importing Assets/Prefab/GemYellow Variant.prefab using Guid(451b8193131b90044ac07d4cbf1904aa) Importer(815301076,1909f56bfc062723c751e8b465ee728b)  -> (artifact id: 'e88c226f98880f67ab67b6f1d55281e2') in 0.014048 seconds
  Import took 0.017519 seconds .

========================================================================
Received Import Request.
  Time since last request: 0.000309 seconds.
  path: Assets/Prefab/GemRed Variant.prefab
  artifactKey: Guid(7e742b53eac8dc14ea250fea5a883837) Importer(815301076,1909f56bfc062723c751e8b465ee728b)
Start importing Assets/Prefab/GemRed Variant.prefab using Guid(7e742b53eac8dc14ea250fea5a883837) Importer(815301076,1909f56bfc062723c751e8b465ee728b)  -> (artifact id: 'a1bb0a2af6dffc85869e4e6e42e06040') in 0.014292 seconds
  Import took 0.018723 seconds .

========================================================================
Received Prepare
Registering precompiled user dll's ...
Registered in 0.003110 seconds.
Begin MonoManager ReloadAssembly
Native extension for WindowsStandalone target not found
Refreshing native plugins compatible for Editor in 0.45 ms, found 1 plugins.
Preloading 0 native plugins for Editor in 0.00 ms.
Invoked RoslynAnalysisRunner static constructor.
RoslynAnalysisRunner will not be running.
RoslynAnalysisRunner has terminated.
Mono: successfully reloaded assembly
- Completed reload, in  1.190 seconds
Platform modules already initialized, skipping
Refreshing native plugins compatible for Editor in 0.38 ms, found 1 plugins.
Preloading 0 native plugins for Editor in 0.00 ms.
Unloading 1805 Unused Serialized files (Serialized files now loaded: 0)
System memory in use before: 88.1 MB.
System memory in use after: 88.0 MB.

Unloading 12 unused Assets to reduce memory usage. Loaded Objects now: 2264.
Total: 3.200800 ms (FindLiveObjects: 0.280600 ms CreateObjectMapping: 0.204200 ms MarkObjects: 2.589000 ms  DeleteObjects: 0.124800 ms)

========================================================================
Received Prepare
Registering precompiled user dll's ...
Registered in 0.002770 seconds.
Begin MonoManager ReloadAssembly
Native extension for WindowsStandalone target not found
Refreshing native plugins compatible for Editor in 0.37 ms, found 1 plugins.
Preloading 0 native plugins for Editor in 0.00 ms.
Invoked RoslynAnalysisRunner static constructor.
RoslynAnalysisRunner will not be running.
RoslynAnalysisRunner has terminated.
Mono: successfully reloaded assembly
- Completed reload, in  0.957 seconds
Platform modules already initialized, skipping
Refreshing native plugins compatible for Editor in 0.37 ms, found 1 plugins.
Preloading 0 native plugins for Editor in 0.00 ms.
Unloading 1805 Unused Serialized files (Serialized files now loaded: 0)
System memory in use before: 88.1 MB.
System memory in use after: 88.1 MB.

Unloading 12 unused Assets to reduce memory usage. Loaded Objects now: 2268.
Total: 2.147300 ms (FindLiveObjects: 0.183800 ms CreateObjectMapping: 0.074700 ms MarkObjects: 1.771800 ms  DeleteObjects: 0.115800 ms)

========================================================================
Received Prepare
Registering precompiled user dll's ...
Registered in 0.002623 seconds.
Begin MonoManager ReloadAssembly
Native extension for WindowsStandalone target not found
Refreshing native plugins compatible for Editor in 0.41 ms, found 1 plugins.
Preloading 0 native plugins for Editor in 0.00 ms.
Invoked RoslynAnalysisRunner static constructor.
RoslynAnalysisRunner will not be running.
RoslynAnalysisRunner has terminated.
Mono: successfully reloaded assembly
- Completed reload, in  0.971 seconds
Platform modules already initialized, skipping
Refreshing native plugins compatible for Editor in 0.38 ms, found 1 plugins.
Preloading 0 native plugins for Editor in 0.00 ms.
Unloading 1805 Unused Serialized files (Serialized files now loaded: 0)
System memory in use before: 88.1 MB.
System memory in use after: 88.1 MB.

Unloading 12 unused Assets to reduce memory usage. Loaded Objects now: 2272.
Total: 2.211200 ms (FindLiveObjects: 0.177700 ms CreateObjectMapping: 0.072200 ms MarkObjects: 1.824500 ms  DeleteObjects: 0.136100 ms)

========================================================================
Received Prepare
Registering precompiled user dll's ...
Registered in 0.002737 seconds.
Begin MonoManager ReloadAssembly
Native extension for WindowsStandalone target not found
Refreshing native plugins compatible for Editor in 0.41 ms, found 1 plugins.
Preloading 0 native plugins for Editor in 0.00 ms.
Invoked RoslynAnalysisRunner static constructor.
RoslynAnalysisRunner will not be running.
RoslynAnalysisRunner has terminated.
Mono: successfully reloaded assembly
- Completed reload, in  0.964 seconds
Platform modules already initialized, skipping
Refreshing native plugins compatible for Editor in 0.40 ms, found 1 plugins.
Preloading 0 native plugins for Editor in 0.00 ms.
Unloading 1805 Unused Serialized files (Serialized files now loaded: 0)
System memory in use before: 88.1 MB.
System memory in use after: 88.1 MB.

Unloading 12 unused Assets to reduce memory usage. Loaded Objects now: 2276.
Total: 2.004700 ms (FindLiveObjects: 0.185800 ms CreateObjectMapping: 0.075700 ms MarkObjects: 1.605500 ms  DeleteObjects: 0.136900 ms)

========================================================================
Received Prepare
Registering precompiled user dll's ...
Registered in 0.002584 seconds.
Begin MonoManager ReloadAssembly
Native extension for WindowsStandalone target not found
Refreshing native plugins compatible for Editor in 0.42 ms, found 1 plugins.
Preloading 0 native plugins for Editor in 0.00 ms.
Invoked RoslynAnalysisRunner static constructor.
RoslynAnalysisRunner will not be running.
RoslynAnalysisRunner has terminated.
Mono: successfully reloaded assembly
- Completed reload, in  0.923 seconds
Platform modules already initialized, skipping
Refreshing native plugins compatible for Editor in 0.38 ms, found 1 plugins.
Preloading 0 native plugins for Editor in 0.00 ms.
Unloading 1805 Unused Serialized files (Serialized files now loaded: 0)
System memory in use before: 88.1 MB.
System memory in use after: 88.1 MB.

Unloading 12 unused Assets to reduce memory usage. Loaded Objects now: 2280.
Total: 2.044700 ms (FindLiveObjects: 0.177200 ms CreateObjectMapping: 0.073500 ms MarkObjects: 1.676400 ms  DeleteObjects: 0.116700 ms)

========================================================================
Received Prepare
Registering precompiled user dll's ...
Registered in 0.002643 seconds.
Begin MonoManager ReloadAssembly
Native extension for WindowsStandalone target not found
Refreshing native plugins compatible for Editor in 0.41 ms, found 1 plugins.
Preloading 0 native plugins for Editor in 0.00 ms.
Invoked RoslynAnalysisRunner static constructor.
RoslynAnalysisRunner will not be running.
RoslynAnalysisRunner has terminated.
Mono: successfully reloaded assembly
- Completed reload, in  0.948 seconds
Platform modules already initialized, skipping
Refreshing native plugins compatible for Editor in 0.38 ms, found 1 plugins.
Preloading 0 native plugins for Editor in 0.00 ms.
Unloading 1805 Unused Serialized files (Serialized files now loaded: 0)
System memory in use before: 88.2 MB.
System memory in use after: 88.1 MB.

Unloading 12 unused Assets to reduce memory usage. Loaded Objects now: 2284.
Total: 2.024900 ms (FindLiveObjects: 0.174700 ms CreateObjectMapping: 0.072900 ms MarkObjects: 1.603900 ms  DeleteObjects: 0.172300 ms)

========================================================================
Received Prepare
Registering precompiled user dll's ...
Registered in 0.003059 seconds.
Begin MonoManager ReloadAssembly
Native extension for WindowsStandalone target not found
Refreshing native plugins compatible for Editor in 0.63 ms, found 1 plugins.
Preloading 0 native plugins for Editor in 0.00 ms.
Invoked RoslynAnalysisRunner static constructor.
RoslynAnalysisRunner will not be running.
RoslynAnalysisRunner has terminated.
Mono: successfully reloaded assembly
- Completed reload, in  1.190 seconds
Platform modules already initialized, skipping
Refreshing native plugins compatible for Editor in 0.57 ms, found 1 plugins.
Preloading 0 native plugins for Editor in 0.00 ms.
Unloading 1805 Unused Serialized files (Serialized files now loaded: 0)
System memory in use before: 88.2 MB.
System memory in use after: 88.1 MB.

Unloading 12 unused Assets to reduce memory usage. Loaded Objects now: 2288.
Total: 2.771400 ms (FindLiveObjects: 0.290600 ms CreateObjectMapping: 0.171700 ms MarkObjects: 2.069000 ms  DeleteObjects: 0.228500 ms)

========================================================================
Received Prepare
Registering precompiled user dll's ...
Registered in 0.002607 seconds.
Begin MonoManager ReloadAssembly
Native extension for WindowsStandalone target not found
Refreshing native plugins compatible for Editor in 0.50 ms, found 1 plugins.
Preloading 0 native plugins for Editor in 0.00 ms.
Invoked RoslynAnalysisRunner static constructor.
RoslynAnalysisRunner will not be running.
RoslynAnalysisRunner has terminated.
Mono: successfully reloaded assembly
- Completed reload, in  0.973 seconds
Platform modules already initialized, skipping
Refreshing native plugins compatible for Editor in 0.48 ms, found 1 plugins.
Preloading 0 native plugins for Editor in 0.00 ms.
Unloading 1805 Unused Serialized files (Serialized files now loaded: 0)
System memory in use before: 88.2 MB.
System memory in use after: 88.2 MB.

Unloading 12 unused Assets to reduce memory usage. Loaded Objects now: 2292.
Total: 2.518100 ms (FindLiveObjects: 0.250200 ms CreateObjectMapping: 0.154000 ms MarkObjects: 1.987300 ms  DeleteObjects: 0.125700 ms)

========================================================================
Received Prepare
Registering precompiled user dll's ...
Registered in 0.002860 seconds.
Begin MonoManager ReloadAssembly
Native extension for WindowsStandalone target not found
Refreshing native plugins compatible for Editor in 0.44 ms, found 1 plugins.
Preloading 0 native plugins for Editor in 0.00 ms.
Invoked RoslynAnalysisRunner static constructor.
RoslynAnalysisRunner will not be running.
RoslynAnalysisRunner has terminated.
Mono: successfully reloaded assembly
- Completed reload, in  0.964 seconds
Platform modules already initialized, skipping
Refreshing native plugins compatible for Editor in 0.38 ms, found 1 plugins.
Preloading 0 native plugins for Editor in 0.00 ms.
Unloading 1805 Unused Serialized files (Serialized files now loaded: 0)
System memory in use before: 88.2 MB.
System memory in use after: 88.1 MB.

Unloading 12 unused Assets to reduce memory usage. Loaded Objects now: 2296.
Total: 2.518100 ms (FindLiveObjects: 0.237000 ms CreateObjectMapping: 0.148900 ms MarkObjects: 1.985100 ms  DeleteObjects: 0.146100 ms)

========================================================================
Received Prepare
Registering precompiled user dll's ...
Registered in 0.002639 seconds.
Begin MonoManager ReloadAssembly
Native extension for WindowsStandalone target not found
Refreshing native plugins compatible for Editor in 0.42 ms, found 1 plugins.
Preloading 0 native plugins for Editor in 0.00 ms.
Invoked RoslynAnalysisRunner static constructor.
RoslynAnalysisRunner will not be running.
RoslynAnalysisRunner has terminated.
Mono: successfully reloaded assembly
- Completed reload, in  1.201 seconds
Platform modules already initialized, skipping
Refreshing native plugins compatible for Editor in 0.48 ms, found 1 plugins.
Preloading 0 native plugins for Editor in 0.00 ms.
Unloading 1805 Unused Serialized files (Serialized files now loaded: 0)
System memory in use before: 88.2 MB.
System memory in use after: 88.2 MB.

Unloading 12 unused Assets to reduce memory usage. Loaded Objects now: 2300.
Total: 2.783700 ms (FindLiveObjects: 0.267000 ms CreateObjectMapping: 0.166000 ms MarkObjects: 2.207100 ms  DeleteObjects: 0.142200 ms)

========================================================================
Received Prepare
Registering precompiled user dll's ...
Registered in 0.002575 seconds.
Begin MonoManager ReloadAssembly
Native extension for WindowsStandalone target not found
Refreshing native plugins compatible for Editor in 0.41 ms, found 1 plugins.
Preloading 0 native plugins for Editor in 0.00 ms.
Invoked RoslynAnalysisRunner static constructor.
RoslynAnalysisRunner will not be running.
RoslynAnalysisRunner has terminated.
Mono: successfully reloaded assembly
- Completed reload, in  1.213 seconds
Platform modules already initialized, skipping
Refreshing native plugins compatible for Editor in 0.43 ms, found 1 plugins.
Preloading 0 native plugins for Editor in 0.00 ms.
Unloading 1805 Unused Serialized files (Serialized files now loaded: 0)
System memory in use before: 88.2 MB.
System memory in use after: 88.2 MB.

Unloading 12 unused Assets to reduce memory usage. Loaded Objects now: 2304.
Total: 2.847000 ms (FindLiveObjects: 0.295200 ms CreateObjectMapping: 0.156800 ms MarkObjects: 2.242300 ms  DeleteObjects: 0.151500 ms)

========================================================================
Received Prepare
Registering precompiled user dll's ...
Registered in 0.002647 seconds.
Begin MonoManager ReloadAssembly
Native extension for WindowsStandalone target not found
Refreshing native plugins compatible for Editor in 0.40 ms, found 1 plugins.
Preloading 0 native plugins for Editor in 0.00 ms.
Invoked RoslynAnalysisRunner static constructor.
RoslynAnalysisRunner will not be running.
RoslynAnalysisRunner has terminated.
Mono: successfully reloaded assembly
- Completed reload, in  0.986 seconds
Platform modules already initialized, skipping
Refreshing native plugins compatible for Editor in 0.37 ms, found 1 plugins.
Preloading 0 native plugins for Editor in 0.00 ms.
Unloading 1805 Unused Serialized files (Serialized files now loaded: 0)
System memory in use before: 88.2 MB.
System memory in use after: 88.2 MB.

Unloading 12 unused Assets to reduce memory usage. Loaded Objects now: 2308.
Total: 2.143000 ms (FindLiveObjects: 0.200000 ms CreateObjectMapping: 0.073000 ms MarkObjects: 1.721100 ms  DeleteObjects: 0.148000 ms)

========================================================================
Received Prepare
Registering precompiled user dll's ...
Registered in 0.002665 seconds.
Begin MonoManager ReloadAssembly
Native extension for WindowsStandalone target not found
Refreshing native plugins compatible for Editor in 0.43 ms, found 1 plugins.
Preloading 0 native plugins for Editor in 0.00 ms.
Invoked RoslynAnalysisRunner static constructor.
RoslynAnalysisRunner will not be running.
RoslynAnalysisRunner has terminated.
Mono: successfully reloaded assembly
- Completed reload, in  0.979 seconds
Platform modules already initialized, skipping
Refreshing native plugins compatible for Editor in 0.38 ms, found 1 plugins.
Preloading 0 native plugins for Editor in 0.00 ms.
Unloading 1805 Unused Serialized files (Serialized files now loaded: 0)
System memory in use before: 88.2 MB.
System memory in use after: 88.2 MB.

Unloading 12 unused Assets to reduce memory usage. Loaded Objects now: 2312.
Total: 2.339100 ms (FindLiveObjects: 0.273400 ms CreateObjectMapping: 0.150400 ms MarkObjects: 1.763500 ms  DeleteObjects: 0.151000 ms)

========================================================================
Received Prepare
Registering precompiled user dll's ...
Registered in 0.002667 seconds.
Begin MonoManager ReloadAssembly
Native extension for WindowsStandalone target not found
Refreshing native plugins compatible for Editor in 0.38 ms, found 1 plugins.
Preloading 0 native plugins for Editor in 0.00 ms.
Invoked RoslynAnalysisRunner static constructor.
RoslynAnalysisRunner will not be running.
RoslynAnalysisRunner has terminated.
Mono: successfully reloaded assembly
- Completed reload, in  1.063 seconds
Platform modules already initialized, skipping
Refreshing native plugins compatible for Editor in 0.41 ms, found 1 plugins.
Preloading 0 native plugins for Editor in 0.00 ms.
Unloading 1805 Unused Serialized files (Serialized files now loaded: 0)
System memory in use before: 88.2 MB.
System memory in use after: 88.2 MB.

Unloading 12 unused Assets to reduce memory usage. Loaded Objects now: 2316.
Total: 2.107500 ms (FindLiveObjects: 0.190900 ms CreateObjectMapping: 0.071000 ms MarkObjects: 1.721800 ms  DeleteObjects: 0.122500 ms)

