Using pre-set license
Built from '2020.3/release' branch; Version is '2020.3.2f1 (8fd9074bf66c) revision 9427207'; Using compiler version '192528614'; Build Type 'Release'
OS: 'Windows 10 Pro; OS build 18363.1256; Version 1909; 64bit' Language: 'fi' Physical Memory: 8130 MB
BatchMode: 1, IsHumanControllingUs: 0, StartBugReporterOnCrash: 0, Is64bit: 1, IsPro: 0

 COMMAND LINE ARGUMENTS:
C:\Program Files\Unity\Hub\Editor\2020.3.2f1\Editor\Unity.exe
-adb2
-batchMode
-noUpm
-name
AssetImportWorker0
-projectPath
E:/Unity/Match-3
-logFile
Logs/AssetImportWorker0.log
-srvPort
57818
Successfully changed project path to: E:/Unity/Match-3
E:/Unity/Match-3
Using Asset Import Pipeline V2.
Refreshing native plugins compatible for Editor in 42.82 ms, found 1 plugins.
Preloading 0 native plugins for Editor in 0.00 ms.
Initialize engine version: 2020.3.2f1 (8fd9074bf66c)
[Subsystems] Discovering subsystems at path C:/Program Files/Unity/Hub/Editor/2020.3.2f1/Editor/Data/Resources/UnitySubsystems
[Subsystems] Discovering subsystems at path E:/Unity/Match-3/Assets
GfxDevice: creating device client; threaded=0
Direct3D:
    Version:  Direct3D 11.0 [level 11.1]
    Renderer: NVIDIA GeForce GTX 1060 6GB (ID=0x1c03)
    Vendor:   
    VRAM:     6052 MB
    Driver:   27.21.14.6192
Initialize mono
Mono path[0] = 'C:/Program Files/Unity/Hub/Editor/2020.3.2f1/Editor/Data/Managed'
Mono path[1] = 'C:/Program Files/Unity/Hub/Editor/2020.3.2f1/Editor/Data/MonoBleedingEdge/lib/mono/unityjit'
Mono config path = 'C:/Program Files/Unity/Hub/Editor/2020.3.2f1/Editor/Data/MonoBleedingEdge/etc'
Using monoOptions --debugger-agent=transport=dt_socket,embedding=1,server=y,suspend=n,address=127.0.0.1:56072
Begin MonoManager ReloadAssembly
Registering precompiled unity dll's ...
Register platform support module: C:/Program Files/Unity/Hub/Editor/2020.3.2f1/Editor/Data/PlaybackEngines/WindowsStandaloneSupport/UnityEditor.WindowsStandalone.Extensions.dll
Registered in 0.002445 seconds.
Native extension for WindowsStandalone target not found
Refreshing native plugins compatible for Editor in 40.77 ms, found 1 plugins.
Preloading 0 native plugins for Editor in 0.00 ms.
Invoked RoslynAnalysisRunner static constructor.
RoslynAnalysisRunner will not be running.
RoslynAnalysisRunner has terminated.
Mono: successfully reloaded assembly
- Completed reload, in  1.523 seconds
Platform modules already initialized, skipping
Registering precompiled user dll's ...
Registered in 0.002716 seconds.
Begin MonoManager ReloadAssembly
Native extension for WindowsStandalone target not found
Refreshing native plugins compatible for Editor in 43.75 ms, found 1 plugins.
Preloading 0 native plugins for Editor in 0.00 ms.
Invoked RoslynAnalysisRunner static constructor.
RoslynAnalysisRunner will not be running.
RoslynAnalysisRunner has terminated.
Mono: successfully reloaded assembly
- Completed reload, in  1.077 seconds
Platform modules already initialized, skipping
========================================================================
Worker process is ready to serve import requests
Launched and connected shader compiler UnityShaderCompiler.exe after 0.07 seconds
Refreshing native plugins compatible for Editor in 0.42 ms, found 1 plugins.
Preloading 0 native plugins for Editor in 0.00 ms.
Unloading 1811 Unused Serialized files (Serialized files now loaded: 0)
System memory in use before: 85.0 MB.
System memory in use after: 84.9 MB.

Unloading 24 unused Assets to reduce memory usage. Loaded Objects now: 2254.
Total: 2.493100 ms (FindLiveObjects: 0.258400 ms CreateObjectMapping: 0.146100 ms MarkObjects: 1.917100 ms  DeleteObjects: 0.170500 ms)

========================================================================
Received Prepare
Registering precompiled user dll's ...
Registered in 0.042480 seconds.
Begin MonoManager ReloadAssembly
Native extension for WindowsStandalone target not found
Refreshing native plugins compatible for Editor in 0.66 ms, found 1 plugins.
Preloading 0 native plugins for Editor in 0.00 ms.
Invoked RoslynAnalysisRunner static constructor.
RoslynAnalysisRunner will not be running.
RoslynAnalysisRunner has terminated.
Mono: successfully reloaded assembly
- Completed reload, in  0.977 seconds
Platform modules already initialized, skipping
Refreshing native plugins compatible for Editor in 0.42 ms, found 1 plugins.
Preloading 0 native plugins for Editor in 0.00 ms.
Unloading 1806 Unused Serialized files (Serialized files now loaded: 0)
System memory in use before: 84.9 MB.
System memory in use after: 84.9 MB.

Unloading 12 unused Assets to reduce memory usage. Loaded Objects now: 2258.
Total: 2.571400 ms (FindLiveObjects: 0.410700 ms CreateObjectMapping: 0.136300 ms MarkObjects: 1.879200 ms  DeleteObjects: 0.143600 ms)

========================================================================
Received Import Request.
  path: Assets/Prefab/GemGreen Variant.prefab
  artifactKey: Guid(e5cf3672d248b6141b0b3bd0f941de3d) Importer(815301076,1909f56bfc062723c751e8b465ee728b)
Start importing Assets/Prefab/GemGreen Variant.prefab using Guid(e5cf3672d248b6141b0b3bd0f941de3d) Importer(815301076,1909f56bfc062723c751e8b465ee728b)  -> (artifact id: '4fe8ed4f06a2c3f22f54c0bcb863ef13') in 0.212589 seconds
  Import took 0.236188 seconds .

========================================================================
Received Import Request.
  Time since last request: 0.000355 seconds.
  path: Assets/Prefab/GemBlue.prefab
  artifactKey: Guid(f4f60af4c8078554594ab89521608609) Importer(815301076,1909f56bfc062723c751e8b465ee728b)
Start importing Assets/Prefab/GemBlue.prefab using Guid(f4f60af4c8078554594ab89521608609) Importer(815301076,1909f56bfc062723c751e8b465ee728b)  -> (artifact id: '21eb3f050e2734cf2628c37beb105082') in 0.015497 seconds
  Import took 0.044990 seconds .

========================================================================
Received Import Request.
  Time since last request: 0.000283 seconds.
  path: Assets/Prefab/GemPurple Variant.prefab
  artifactKey: Guid(b35c040b49d876244960ece4b062e624) Importer(815301076,1909f56bfc062723c751e8b465ee728b)
Start importing Assets/Prefab/GemPurple Variant.prefab using Guid(b35c040b49d876244960ece4b062e624) Importer(815301076,1909f56bfc062723c751e8b465ee728b)  -> (artifact id: '0d5c9942b6b6a2d261ef336a10bb63af') in 0.025753 seconds
  Import took 0.051530 seconds .

========================================================================
Received Import Request.
  Time since last request: 0.000323 seconds.
  path: Assets/Prefab/GemBlue.prefab
  artifactKey: Guid(f4f60af4c8078554594ab89521608609) Importer(815301076,1909f56bfc062723c751e8b465ee728b)
Start importing Assets/Prefab/GemBlue.prefab using Guid(f4f60af4c8078554594ab89521608609) Importer(815301076,1909f56bfc062723c751e8b465ee728b)  -> (artifact id: '21eb3f050e2734cf2628c37beb105082') in 0.032691 seconds
  Import took 0.036601 seconds .

========================================================================
Received Import Request.
  Time since last request: 0.000288 seconds.
  path: Assets/Prefab/GemYellow Variant.prefab
  artifactKey: Guid(451b8193131b90044ac07d4cbf1904aa) Importer(815301076,1909f56bfc062723c751e8b465ee728b)
Start importing Assets/Prefab/GemYellow Variant.prefab using Guid(451b8193131b90044ac07d4cbf1904aa) Importer(815301076,1909f56bfc062723c751e8b465ee728b)  -> (artifact id: '13ae24af93b1f6322c525308183636d7') in 0.066755 seconds
  Import took 0.082514 seconds .

========================================================================
Received Import Request.
  Time since last request: 0.000294 seconds.
  path: Assets/Prefab/GemRed Variant.prefab
  artifactKey: Guid(7e742b53eac8dc14ea250fea5a883837) Importer(815301076,1909f56bfc062723c751e8b465ee728b)
Start importing Assets/Prefab/GemRed Variant.prefab using Guid(7e742b53eac8dc14ea250fea5a883837) Importer(815301076,1909f56bfc062723c751e8b465ee728b)  -> (artifact id: '35a325cb640a3ed8a7f4f00d93cc967b') in 0.052972 seconds
  Import took 0.076850 seconds .

========================================================================
Received Import Request.
  Time since last request: 2.262729 seconds.
  path: Assets/Prefab/GemPurple Variant.prefab
  artifactKey: Guid(b35c040b49d876244960ece4b062e624) Importer(815301076,1909f56bfc062723c751e8b465ee728b)
Start importing Assets/Prefab/GemPurple Variant.prefab using Guid(b35c040b49d876244960ece4b062e624) Importer(815301076,1909f56bfc062723c751e8b465ee728b)  -> (artifact id: '90ffa2c3d1b30888489bbd573a2fc9fe') in 0.019735 seconds
  Import took 0.039596 seconds .

========================================================================
Received Import Request.
  Time since last request: 2.743337 seconds.
  path: Assets/Prefab/GemRed Variant.prefab
  artifactKey: Guid(7e742b53eac8dc14ea250fea5a883837) Importer(815301076,1909f56bfc062723c751e8b465ee728b)
Start importing Assets/Prefab/GemRed Variant.prefab using Guid(7e742b53eac8dc14ea250fea5a883837) Importer(815301076,1909f56bfc062723c751e8b465ee728b)  -> (artifact id: 'b2456451799a76cd0da769a619176269') in 0.017734 seconds
  Import took 0.041375 seconds .

========================================================================
Received Import Request.
  Time since last request: 0.000687 seconds.
  path: Assets/Prefab/GemRed Variant.prefab
  artifactKey: Guid(7e742b53eac8dc14ea250fea5a883837) Importer(815301076,1909f56bfc062723c751e8b465ee728b)
Start importing Assets/Prefab/GemRed Variant.prefab using Guid(7e742b53eac8dc14ea250fea5a883837) Importer(815301076,1909f56bfc062723c751e8b465ee728b)  -> (artifact id: 'b2456451799a76cd0da769a619176269') in 0.035717 seconds
  Import took 0.041242 seconds .

========================================================================
Received Import Request.
  Time since last request: 2.979921 seconds.
  path: Assets/Prefab/GemYellow Variant.prefab
  artifactKey: Guid(451b8193131b90044ac07d4cbf1904aa) Importer(815301076,1909f56bfc062723c751e8b465ee728b)
Start importing Assets/Prefab/GemYellow Variant.prefab using Guid(451b8193131b90044ac07d4cbf1904aa) Importer(815301076,1909f56bfc062723c751e8b465ee728b)  -> (artifact id: '8d6663d3e09bfb3e08190fcda9f97b5c') in 0.030407 seconds
  Import took 0.056798 seconds .

========================================================================
Received Prepare
Registering precompiled user dll's ...
Registered in 0.002710 seconds.
Begin MonoManager ReloadAssembly
Native extension for WindowsStandalone target not found
Refreshing native plugins compatible for Editor in 0.40 ms, found 1 plugins.
Preloading 0 native plugins for Editor in 0.00 ms.
Invoked RoslynAnalysisRunner static constructor.
RoslynAnalysisRunner will not be running.
RoslynAnalysisRunner has terminated.
Mono: successfully reloaded assembly
- Completed reload, in  1.037 seconds
Platform modules already initialized, skipping
Refreshing native plugins compatible for Editor in 0.38 ms, found 1 plugins.
Preloading 0 native plugins for Editor in 0.00 ms.
Unloading 1806 Unused Serialized files (Serialized files now loaded: 0)
System memory in use before: 88.1 MB.
System memory in use after: 88.1 MB.

Unloading 12 unused Assets to reduce memory usage. Loaded Objects now: 2269.
Total: 2.468100 ms (FindLiveObjects: 0.302500 ms CreateObjectMapping: 0.082700 ms MarkObjects: 1.945000 ms  DeleteObjects: 0.136600 ms)

========================================================================
Received Import Request.
  Time since last request: 173.657648 seconds.
  path: Assets/Prefabs/GemBlue.prefab
  artifactKey: Guid(f4f60af4c8078554594ab89521608609) Importer(815301076,1909f56bfc062723c751e8b465ee728b)
Start importing Assets/Prefabs/GemBlue.prefab using Guid(f4f60af4c8078554594ab89521608609) Importer(815301076,1909f56bfc062723c751e8b465ee728b)  -> (artifact id: '17ad8ed85a62bdacd0f55f95f41e0105') in 0.066085 seconds
  Import took 0.074887 seconds .

========================================================================
Received Import Request.
  Time since last request: 0.000375 seconds.
  path: Assets/Prefabs/GemGreen Variant.prefab
  artifactKey: Guid(e5cf3672d248b6141b0b3bd0f941de3d) Importer(815301076,1909f56bfc062723c751e8b465ee728b)
Start importing Assets/Prefabs/GemGreen Variant.prefab using Guid(e5cf3672d248b6141b0b3bd0f941de3d) Importer(815301076,1909f56bfc062723c751e8b465ee728b)  -> (artifact id: '7a80c42b3da833c36c99780e41055bd5') in 0.014875 seconds
  Import took 0.021595 seconds .

========================================================================
Received Import Request.
  Time since last request: 0.000298 seconds.
  path: Assets/Prefabs/GemPurple Variant.prefab
  artifactKey: Guid(b35c040b49d876244960ece4b062e624) Importer(815301076,1909f56bfc062723c751e8b465ee728b)
Start importing Assets/Prefabs/GemPurple Variant.prefab using Guid(b35c040b49d876244960ece4b062e624) Importer(815301076,1909f56bfc062723c751e8b465ee728b)  -> (artifact id: '9b45565cefa52300e69f4774445a023b') in 0.013797 seconds
  Import took 0.017225 seconds .

========================================================================
Received Import Request.
  Time since last request: 0.000323 seconds.
  path: Assets/Prefabs/GemYellow Variant.prefab
  artifactKey: Guid(451b8193131b90044ac07d4cbf1904aa) Importer(815301076,1909f56bfc062723c751e8b465ee728b)
Start importing Assets/Prefabs/GemYellow Variant.prefab using Guid(451b8193131b90044ac07d4cbf1904aa) Importer(815301076,1909f56bfc062723c751e8b465ee728b)  -> (artifact id: 'da7f974dd2cf3c98a89c93d63771bb47') in 0.015104 seconds
  Import took 0.022426 seconds .

========================================================================
Received Import Request.
  Time since last request: 0.000272 seconds.
  path: Assets/Prefabs/GemRed Variant.prefab
  artifactKey: Guid(7e742b53eac8dc14ea250fea5a883837) Importer(815301076,1909f56bfc062723c751e8b465ee728b)
Start importing Assets/Prefabs/GemRed Variant.prefab using Guid(7e742b53eac8dc14ea250fea5a883837) Importer(815301076,1909f56bfc062723c751e8b465ee728b)  -> (artifact id: '182a8835c0cef84f7a2ffe528d7a7b16') in 0.012998 seconds
  Import took 0.016098 seconds .

========================================================================
Received Prepare
Registering precompiled user dll's ...
Registered in 0.002797 seconds.
Begin MonoManager ReloadAssembly
Native extension for WindowsStandalone target not found
Refreshing native plugins compatible for Editor in 0.39 ms, found 1 plugins.
Preloading 0 native plugins for Editor in 0.00 ms.
Invoked RoslynAnalysisRunner static constructor.
RoslynAnalysisRunner will not be running.
RoslynAnalysisRunner has terminated.
Mono: successfully reloaded assembly
- Completed reload, in  0.996 seconds
Platform modules already initialized, skipping
Refreshing native plugins compatible for Editor in 0.37 ms, found 1 plugins.
Preloading 0 native plugins for Editor in 0.00 ms.
Unloading 1806 Unused Serialized files (Serialized files now loaded: 0)
System memory in use before: 88.1 MB.
System memory in use after: 88.1 MB.

Unloading 12 unused Assets to reduce memory usage. Loaded Objects now: 2274.
Total: 2.230200 ms (FindLiveObjects: 0.243700 ms CreateObjectMapping: 0.074500 ms MarkObjects: 1.779400 ms  DeleteObjects: 0.131600 ms)

========================================================================
Received Prepare
Registering precompiled user dll's ...
Registered in 0.002686 seconds.
Begin MonoManager ReloadAssembly
Native extension for WindowsStandalone target not found
Refreshing native plugins compatible for Editor in 0.39 ms, found 1 plugins.
Preloading 0 native plugins for Editor in 0.00 ms.
Invoked RoslynAnalysisRunner static constructor.
RoslynAnalysisRunner will not be running.
RoslynAnalysisRunner has terminated.
Mono: successfully reloaded assembly
- Completed reload, in  0.963 seconds
Platform modules already initialized, skipping
Refreshing native plugins compatible for Editor in 0.46 ms, found 1 plugins.
Preloading 0 native plugins for Editor in 0.00 ms.
Unloading 1806 Unused Serialized files (Serialized files now loaded: 0)
System memory in use before: 88.1 MB.
System memory in use after: 88.1 MB.

Unloading 12 unused Assets to reduce memory usage. Loaded Objects now: 2278.
Total: 2.290300 ms (FindLiveObjects: 0.240000 ms CreateObjectMapping: 0.071300 ms MarkObjects: 1.835300 ms  DeleteObjects: 0.142700 ms)

========================================================================
Received Prepare
Registering precompiled user dll's ...
Registered in 0.002607 seconds.
Begin MonoManager ReloadAssembly
Native extension for WindowsStandalone target not found
Refreshing native plugins compatible for Editor in 0.44 ms, found 1 plugins.
Preloading 0 native plugins for Editor in 0.00 ms.
Invoked RoslynAnalysisRunner static constructor.
RoslynAnalysisRunner will not be running.
RoslynAnalysisRunner has terminated.
Mono: successfully reloaded assembly
- Completed reload, in  1.000 seconds
Platform modules already initialized, skipping
Refreshing native plugins compatible for Editor in 0.38 ms, found 1 plugins.
Preloading 0 native plugins for Editor in 0.00 ms.
Unloading 1806 Unused Serialized files (Serialized files now loaded: 0)
System memory in use before: 88.1 MB.
System memory in use after: 88.1 MB.

Unloading 12 unused Assets to reduce memory usage. Loaded Objects now: 2282.
Total: 2.099700 ms (FindLiveObjects: 0.252700 ms CreateObjectMapping: 0.072300 ms MarkObjects: 1.624200 ms  DeleteObjects: 0.149600 ms)

========================================================================
Received Prepare
Registering precompiled user dll's ...
Registered in 0.026760 seconds.
Begin MonoManager ReloadAssembly
Native extension for WindowsStandalone target not found
Refreshing native plugins compatible for Editor in 0.44 ms, found 1 plugins.
Preloading 0 native plugins for Editor in 0.00 ms.
Invoked RoslynAnalysisRunner static constructor.
RoslynAnalysisRunner will not be running.
RoslynAnalysisRunner has terminated.
Mono: successfully reloaded assembly
- Completed reload, in  1.035 seconds
Platform modules already initialized, skipping
Refreshing native plugins compatible for Editor in 0.55 ms, found 1 plugins.
Preloading 0 native plugins for Editor in 0.00 ms.
Unloading 1806 Unused Serialized files (Serialized files now loaded: 0)
System memory in use before: 88.2 MB.
System memory in use after: 88.1 MB.

Unloading 12 unused Assets to reduce memory usage. Loaded Objects now: 2286.
Total: 2.265900 ms (FindLiveObjects: 0.194300 ms CreateObjectMapping: 0.070500 ms MarkObjects: 1.876100 ms  DeleteObjects: 0.124200 ms)

========================================================================
Received Prepare
Registering precompiled user dll's ...
Registered in 0.002679 seconds.
Begin MonoManager ReloadAssembly
Native extension for WindowsStandalone target not found
Refreshing native plugins compatible for Editor in 0.42 ms, found 1 plugins.
Preloading 0 native plugins for Editor in 0.00 ms.
Invoked RoslynAnalysisRunner static constructor.
RoslynAnalysisRunner will not be running.
RoslynAnalysisRunner has terminated.
Mono: successfully reloaded assembly
- Completed reload, in  1.035 seconds
Platform modules already initialized, skipping
Refreshing native plugins compatible for Editor in 0.56 ms, found 1 plugins.
Preloading 0 native plugins for Editor in 0.00 ms.
Unloading 1806 Unused Serialized files (Serialized files now loaded: 0)
System memory in use before: 88.2 MB.
System memory in use after: 88.1 MB.

Unloading 12 unused Assets to reduce memory usage. Loaded Objects now: 2290.
Total: 2.234500 ms (FindLiveObjects: 0.252700 ms CreateObjectMapping: 0.071100 ms MarkObjects: 1.761700 ms  DeleteObjects: 0.148000 ms)

========================================================================
Received Prepare
Registering precompiled user dll's ...
Registered in 0.002770 seconds.
Begin MonoManager ReloadAssembly
Native extension for WindowsStandalone target not found
Refreshing native plugins compatible for Editor in 0.38 ms, found 1 plugins.
Preloading 0 native plugins for Editor in 0.00 ms.
Invoked RoslynAnalysisRunner static constructor.
RoslynAnalysisRunner will not be running.
RoslynAnalysisRunner has terminated.
Mono: successfully reloaded assembly
- Completed reload, in  1.046 seconds
Platform modules already initialized, skipping
Refreshing native plugins compatible for Editor in 0.38 ms, found 1 plugins.
Preloading 0 native plugins for Editor in 0.00 ms.
Unloading 1806 Unused Serialized files (Serialized files now loaded: 0)
System memory in use before: 88.2 MB.
System memory in use after: 88.1 MB.

Unloading 12 unused Assets to reduce memory usage. Loaded Objects now: 2294.
Total: 2.263300 ms (FindLiveObjects: 0.245900 ms CreateObjectMapping: 0.071000 ms MarkObjects: 1.832700 ms  DeleteObjects: 0.112900 ms)

========================================================================
Received Prepare
Registering precompiled user dll's ...
Registered in 0.002649 seconds.
Begin MonoManager ReloadAssembly
Native extension for WindowsStandalone target not found
Refreshing native plugins compatible for Editor in 0.39 ms, found 1 plugins.
Preloading 0 native plugins for Editor in 0.00 ms.
Invoked RoslynAnalysisRunner static constructor.
RoslynAnalysisRunner will not be running.
RoslynAnalysisRunner has terminated.
Mono: successfully reloaded assembly
- Completed reload, in  1.037 seconds
Platform modules already initialized, skipping
Refreshing native plugins compatible for Editor in 0.51 ms, found 1 plugins.
Preloading 0 native plugins for Editor in 0.00 ms.
Unloading 1806 Unused Serialized files (Serialized files now loaded: 0)
System memory in use before: 88.2 MB.
System memory in use after: 88.2 MB.

Unloading 12 unused Assets to reduce memory usage. Loaded Objects now: 2298.
Total: 2.233800 ms (FindLiveObjects: 0.275200 ms CreateObjectMapping: 0.084300 ms MarkObjects: 1.752100 ms  DeleteObjects: 0.120800 ms)

========================================================================
Received Prepare
Registering precompiled user dll's ...
Registered in 0.003645 seconds.
Begin MonoManager ReloadAssembly
Native extension for WindowsStandalone target not found
Refreshing native plugins compatible for Editor in 0.38 ms, found 1 plugins.
Preloading 0 native plugins for Editor in 0.00 ms.
Invoked RoslynAnalysisRunner static constructor.
RoslynAnalysisRunner will not be running.
RoslynAnalysisRunner has terminated.
Mono: successfully reloaded assembly
- Completed reload, in  1.039 seconds
Platform modules already initialized, skipping
Refreshing native plugins compatible for Editor in 0.38 ms, found 1 plugins.
Preloading 0 native plugins for Editor in 0.00 ms.
Unloading 1806 Unused Serialized files (Serialized files now loaded: 0)
System memory in use before: 88.2 MB.
System memory in use after: 88.2 MB.

Unloading 12 unused Assets to reduce memory usage. Loaded Objects now: 2302.
Total: 3.078300 ms (FindLiveObjects: 0.258600 ms CreateObjectMapping: 0.143500 ms MarkObjects: 2.539800 ms  DeleteObjects: 0.134900 ms)

========================================================================
Received Prepare
Registering precompiled user dll's ...
Registered in 0.011291 seconds.
Begin MonoManager ReloadAssembly
Native extension for WindowsStandalone target not found
Refreshing native plugins compatible for Editor in 0.64 ms, found 1 plugins.
Preloading 0 native plugins for Editor in 0.00 ms.
Invoked RoslynAnalysisRunner static constructor.
RoslynAnalysisRunner will not be running.
RoslynAnalysisRunner has terminated.
Mono: successfully reloaded assembly
- Completed reload, in  1.045 seconds
Platform modules already initialized, skipping
Refreshing native plugins compatible for Editor in 0.66 ms, found 1 plugins.
Preloading 0 native plugins for Editor in 0.00 ms.
Unloading 1806 Unused Serialized files (Serialized files now loaded: 0)
System memory in use before: 88.2 MB.
System memory in use after: 88.2 MB.

Unloading 12 unused Assets to reduce memory usage. Loaded Objects now: 2306.
Total: 2.232300 ms (FindLiveObjects: 0.281700 ms CreateObjectMapping: 0.095700 ms MarkObjects: 1.719100 ms  DeleteObjects: 0.134600 ms)

========================================================================
Received Prepare
Registering precompiled user dll's ...
Registered in 0.002632 seconds.
Begin MonoManager ReloadAssembly
Native extension for WindowsStandalone target not found
Refreshing native plugins compatible for Editor in 0.38 ms, found 1 plugins.
Preloading 0 native plugins for Editor in 0.00 ms.
Invoked RoslynAnalysisRunner static constructor.
RoslynAnalysisRunner will not be running.
RoslynAnalysisRunner has terminated.
Mono: successfully reloaded assembly
- Completed reload, in  1.010 seconds
Platform modules already initialized, skipping
Refreshing native plugins compatible for Editor in 0.38 ms, found 1 plugins.
Preloading 0 native plugins for Editor in 0.00 ms.
Unloading 1806 Unused Serialized files (Serialized files now loaded: 0)
System memory in use before: 88.2 MB.
System memory in use after: 88.2 MB.

Unloading 12 unused Assets to reduce memory usage. Loaded Objects now: 2310.
Total: 2.001600 ms (FindLiveObjects: 0.189800 ms CreateObjectMapping: 0.070600 ms MarkObjects: 1.592400 ms  DeleteObjects: 0.147900 ms)

